2023-02-03 18:55:21 [restartedMain] INFO  c.l.s.Springboot3TemplateApplication - Starting Springboot3TemplateApplication using Java 17.0.1 with PID 15336 (D:\code_space\springboot3-template\target\classes started by wangran in D:\code_space\springboot3-template)
2023-02-03 18:55:21 [restartedMain] INFO  c.l.s.Springboot3TemplateApplication - The following 1 profile is active: "dev"
2023-02-03 18:55:21 [restartedMain] INFO  o.s.b.d.env.DevToolsPropertyDefaultsPostProcessor - Devtools property defaults active! Set 'spring.devtools.add-properties' to 'false' to disable
2023-02-03 18:55:21 [restartedMain] INFO  o.s.b.d.env.DevToolsPropertyDefaultsPostProcessor - For additional web related logging consider setting the 'logging.level.web' property to 'DEBUG'
2023-02-03 18:55:22 [restartedMain] INFO  o.s.boot.web.embedded.tomcat.TomcatWebServer - Tomcat initialized with port(s): 8088 (http)
2023-02-03 18:55:22 [restartedMain] INFO  org.apache.coyote.http11.Http11NioProtocol - Initializing ProtocolHandler ["http-nio-8088"]
2023-02-03 18:55:22 [restartedMain] INFO  org.apache.catalina.core.StandardService - Starting service [Tomcat]
2023-02-03 18:55:22 [restartedMain] INFO  org.apache.catalina.core.StandardEngine - Starting Servlet engine: [Apache Tomcat/10.1.5]
2023-02-03 18:55:22 [restartedMain] INFO  o.a.c.c.ContainerBase.[Tomcat].[localhost].[/rest] - Initializing Spring embedded WebApplicationContext
2023-02-03 18:55:22 [restartedMain] INFO  o.s.b.w.s.c.ServletWebServerApplicationContext - Root WebApplicationContext: initialization completed in 1067 ms
2023-02-03 18:55:22 [restartedMain] INFO  o.s.b.d.autoconfigure.OptionalLiveReloadServer - LiveReload server is running on port 35729
2023-02-03 18:55:22 [restartedMain] INFO  org.apache.coyote.http11.Http11NioProtocol - Starting ProtocolHandler ["http-nio-8088"]
2023-02-03 18:55:22 [restartedMain] INFO  o.s.boot.web.embedded.tomcat.TomcatWebServer - Tomcat started on port(s): 8088 (http) with context path '/rest'
2023-02-03 18:55:22 [restartedMain] INFO  c.l.s.Springboot3TemplateApplication - Started Springboot3TemplateApplication in 2.2 seconds (process running for 3.998)
2023-02-03 18:55:40 [http-nio-8088-exec-1] INFO  o.a.c.c.ContainerBase.[Tomcat].[localhost].[/rest] - Initializing Spring DispatcherServlet 'dispatcherServlet'
2023-02-03 18:55:40 [http-nio-8088-exec-1] INFO  org.springframework.web.servlet.DispatcherServlet - Initializing Servlet 'dispatcherServlet'
2023-02-03 18:55:40 [http-nio-8088-exec-1] INFO  org.springframework.web.servlet.DispatcherServlet - Completed initialization in 1 ms
2023-02-03 18:56:17 [restartedMain] INFO  c.l.s.Springboot3TemplateApplication - Starting Springboot3TemplateApplication using Java 17.0.1 with PID 23444 (D:\code_space\springboot3-template\target\classes started by wangran in D:\code_space\springboot3-template)
2023-02-03 18:56:17 [restartedMain] INFO  c.l.s.Springboot3TemplateApplication - The following 1 profile is active: "dev"
2023-02-03 18:56:17 [restartedMain] INFO  o.s.b.d.env.DevToolsPropertyDefaultsPostProcessor - Devtools property defaults active! Set 'spring.devtools.add-properties' to 'false' to disable
2023-02-03 18:56:17 [restartedMain] INFO  o.s.b.d.env.DevToolsPropertyDefaultsPostProcessor - For additional web related logging consider setting the 'logging.level.web' property to 'DEBUG'
2023-02-03 18:56:18 [restartedMain] INFO  o.s.boot.web.embedded.tomcat.TomcatWebServer - Tomcat initialized with port(s): 8088 (http)
2023-02-03 18:56:18 [restartedMain] INFO  org.apache.coyote.http11.Http11NioProtocol - Initializing ProtocolHandler ["http-nio-8088"]
2023-02-03 18:56:18 [restartedMain] INFO  org.apache.catalina.core.StandardService - Starting service [Tomcat]
2023-02-03 18:56:18 [restartedMain] INFO  org.apache.catalina.core.StandardEngine - Starting Servlet engine: [Apache Tomcat/10.1.5]
2023-02-03 18:56:18 [restartedMain] INFO  o.a.c.c.ContainerBase.[Tomcat].[localhost].[/rest] - Initializing Spring embedded WebApplicationContext
2023-02-03 18:56:18 [restartedMain] INFO  o.s.b.w.s.c.ServletWebServerApplicationContext - Root WebApplicationContext: initialization completed in 955 ms
2023-02-03 18:56:18 [restartedMain] INFO  o.s.b.d.autoconfigure.OptionalLiveReloadServer - LiveReload server is running on port 35729
2023-02-03 18:56:18 [restartedMain] INFO  org.apache.coyote.http11.Http11NioProtocol - Starting ProtocolHandler ["http-nio-8088"]
2023-02-03 18:56:18 [restartedMain] INFO  o.s.boot.web.embedded.tomcat.TomcatWebServer - Tomcat started on port(s): 8088 (http) with context path '/rest'
2023-02-03 18:56:18 [restartedMain] INFO  c.l.s.Springboot3TemplateApplication - Started Springboot3TemplateApplication in 1.981 seconds (process running for 3.932)
2023-02-03 19:55:29 [restartedMain] INFO  c.l.s.Springboot3TemplateApplication - Starting Springboot3TemplateApplication using Java 17.0.1 with PID 6208 (D:\code_space\springboot3-template\target\classes started by wangran in D:\code_space\springboot3-template)
2023-02-03 19:55:29 [restartedMain] INFO  c.l.s.Springboot3TemplateApplication - The following 1 profile is active: "dev"
2023-02-03 19:55:29 [restartedMain] INFO  o.s.b.d.env.DevToolsPropertyDefaultsPostProcessor - Devtools property defaults active! Set 'spring.devtools.add-properties' to 'false' to disable
2023-02-03 19:55:29 [restartedMain] INFO  o.s.b.d.env.DevToolsPropertyDefaultsPostProcessor - For additional web related logging consider setting the 'logging.level.web' property to 'DEBUG'
2023-02-03 19:55:30 [restartedMain] INFO  o.s.boot.web.embedded.tomcat.TomcatWebServer - Tomcat initialized with port(s): 8088 (http)
2023-02-03 19:55:30 [restartedMain] INFO  org.apache.coyote.http11.Http11NioProtocol - Initializing ProtocolHandler ["http-nio-8088"]
2023-02-03 19:55:30 [restartedMain] INFO  org.apache.catalina.core.StandardService - Starting service [Tomcat]
2023-02-03 19:55:30 [restartedMain] INFO  org.apache.catalina.core.StandardEngine - Starting Servlet engine: [Apache Tomcat/10.1.5]
2023-02-03 19:55:30 [restartedMain] INFO  o.a.c.c.ContainerBase.[Tomcat].[localhost].[/rest] - Initializing Spring embedded WebApplicationContext
2023-02-03 19:55:30 [restartedMain] INFO  o.s.b.w.s.c.ServletWebServerApplicationContext - Root WebApplicationContext: initialization completed in 948 ms
2023-02-03 19:55:31 [restartedMain] INFO  o.s.b.d.autoconfigure.OptionalLiveReloadServer - LiveReload server is running on port 35729
2023-02-03 19:55:31 [restartedMain] INFO  org.apache.coyote.http11.Http11NioProtocol - Starting ProtocolHandler ["http-nio-8088"]
2023-02-03 19:55:31 [restartedMain] INFO  o.s.boot.web.embedded.tomcat.TomcatWebServer - Tomcat started on port(s): 8088 (http) with context path '/rest'
2023-02-03 19:55:31 [restartedMain] INFO  c.l.s.Springboot3TemplateApplication - Started Springboot3TemplateApplication in 1.927 seconds (process running for 3.966)
2023-02-03 19:55:36 [http-nio-8088-exec-1] INFO  o.a.c.c.ContainerBase.[Tomcat].[localhost].[/rest] - Initializing Spring DispatcherServlet 'dispatcherServlet'
2023-02-03 19:55:36 [http-nio-8088-exec-1] INFO  org.springframework.web.servlet.DispatcherServlet - Initializing Servlet 'dispatcherServlet'
2023-02-03 19:55:36 [http-nio-8088-exec-1] INFO  org.springframework.web.servlet.DispatcherServlet - Completed initialization in 0 ms
2023-02-03 20:00:10 [restartedMain] INFO  c.l.s.Springboot3TemplateApplication - Starting Springboot3TemplateApplication using Java 17.0.1 with PID 15064 (D:\code_space\springboot3-template\target\classes started by wangran in D:\code_space\springboot3-template)
2023-02-03 20:00:10 [restartedMain] INFO  c.l.s.Springboot3TemplateApplication - The following 1 profile is active: "dev"
2023-02-03 20:00:10 [restartedMain] INFO  o.s.b.d.env.DevToolsPropertyDefaultsPostProcessor - Devtools property defaults active! Set 'spring.devtools.add-properties' to 'false' to disable
2023-02-03 20:00:10 [restartedMain] INFO  o.s.b.d.env.DevToolsPropertyDefaultsPostProcessor - For additional web related logging consider setting the 'logging.level.web' property to 'DEBUG'
2023-02-03 20:00:11 [restartedMain] INFO  o.s.boot.web.embedded.tomcat.TomcatWebServer - Tomcat initialized with port(s): 8088 (http)
2023-02-03 20:00:11 [restartedMain] INFO  org.apache.coyote.http11.Http11NioProtocol - Initializing ProtocolHandler ["http-nio-8088"]
2023-02-03 20:00:11 [restartedMain] INFO  org.apache.catalina.core.StandardService - Starting service [Tomcat]
2023-02-03 20:00:11 [restartedMain] INFO  org.apache.catalina.core.StandardEngine - Starting Servlet engine: [Apache Tomcat/10.1.5]
2023-02-03 20:00:11 [restartedMain] INFO  o.a.c.c.ContainerBase.[Tomcat].[localhost].[/rest] - Initializing Spring embedded WebApplicationContext
2023-02-03 20:00:11 [restartedMain] INFO  o.s.b.w.s.c.ServletWebServerApplicationContext - Root WebApplicationContext: initialization completed in 950 ms
2023-02-03 20:00:11 [restartedMain] INFO  o.s.b.d.autoconfigure.OptionalLiveReloadServer - LiveReload server is running on port 35729
2023-02-03 20:00:11 [restartedMain] INFO  org.apache.coyote.http11.Http11NioProtocol - Starting ProtocolHandler ["http-nio-8088"]
2023-02-03 20:00:11 [restartedMain] INFO  o.s.boot.web.embedded.tomcat.TomcatWebServer - Tomcat started on port(s): 8088 (http) with context path '/rest'
2023-02-03 20:00:11 [restartedMain] INFO  c.l.s.Springboot3TemplateApplication - Started Springboot3TemplateApplication in 1.991 seconds (process running for 4.061)
2023-02-03 20:00:18 [http-nio-8088-exec-1] INFO  o.a.c.c.ContainerBase.[Tomcat].[localhost].[/rest] - Initializing Spring DispatcherServlet 'dispatcherServlet'
2023-02-03 20:00:18 [http-nio-8088-exec-1] INFO  org.springframework.web.servlet.DispatcherServlet - Initializing Servlet 'dispatcherServlet'
2023-02-03 20:00:18 [http-nio-8088-exec-1] INFO  org.springframework.web.servlet.DispatcherServlet - Completed initialization in 0 ms
2023-02-03 20:01:18 [restartedMain] INFO  c.l.s.Springboot3TemplateApplication - Starting Springboot3TemplateApplication using Java 17.0.1 with PID 15600 (D:\code_space\springboot3-template\target\classes started by wangran in D:\code_space\springboot3-template)
2023-02-03 20:01:18 [restartedMain] INFO  c.l.s.Springboot3TemplateApplication - The following 1 profile is active: "dev"
2023-02-03 20:01:18 [restartedMain] INFO  o.s.b.d.env.DevToolsPropertyDefaultsPostProcessor - Devtools property defaults active! Set 'spring.devtools.add-properties' to 'false' to disable
2023-02-03 20:01:18 [restartedMain] INFO  o.s.b.d.env.DevToolsPropertyDefaultsPostProcessor - For additional web related logging consider setting the 'logging.level.web' property to 'DEBUG'
2023-02-03 20:01:19 [restartedMain] INFO  o.s.boot.web.embedded.tomcat.TomcatWebServer - Tomcat initialized with port(s): 8088 (http)
2023-02-03 20:01:19 [restartedMain] INFO  org.apache.coyote.http11.Http11NioProtocol - Initializing ProtocolHandler ["http-nio-8088"]
2023-02-03 20:01:19 [restartedMain] INFO  org.apache.catalina.core.StandardService - Starting service [Tomcat]
2023-02-03 20:01:19 [restartedMain] INFO  org.apache.catalina.core.StandardEngine - Starting Servlet engine: [Apache Tomcat/10.1.5]
2023-02-03 20:01:19 [restartedMain] INFO  o.a.c.c.ContainerBase.[Tomcat].[localhost].[/rest] - Initializing Spring embedded WebApplicationContext
2023-02-03 20:01:19 [restartedMain] INFO  o.s.b.w.s.c.ServletWebServerApplicationContext - Root WebApplicationContext: initialization completed in 997 ms
2023-02-03 20:01:19 [restartedMain] INFO  o.s.b.d.autoconfigure.OptionalLiveReloadServer - LiveReload server is running on port 35729
2023-02-03 20:01:19 [restartedMain] INFO  org.apache.coyote.http11.Http11NioProtocol - Starting ProtocolHandler ["http-nio-8088"]
2023-02-03 20:01:19 [restartedMain] INFO  o.s.boot.web.embedded.tomcat.TomcatWebServer - Tomcat started on port(s): 8088 (http) with context path '/rest'
2023-02-03 20:01:19 [restartedMain] INFO  c.l.s.Springboot3TemplateApplication - Started Springboot3TemplateApplication in 1.978 seconds (process running for 3.765)
2023-02-03 20:01:25 [http-nio-8088-exec-1] INFO  o.a.c.c.ContainerBase.[Tomcat].[localhost].[/rest] - Initializing Spring DispatcherServlet 'dispatcherServlet'
2023-02-03 20:01:25 [http-nio-8088-exec-1] INFO  org.springframework.web.servlet.DispatcherServlet - Initializing Servlet 'dispatcherServlet'
2023-02-03 20:01:25 [http-nio-8088-exec-1] INFO  org.springframework.web.servlet.DispatcherServlet - Completed initialization in 0 ms
2023-02-03 20:07:01 [File Watcher] INFO  o.s.b.d.a.LocalDevToolsAutoConfiguration$RestartingClassPathChangeChangedEventListener - Restarting due to 1 class path change (0 additions, 0 deletions, 1 modification)
2023-02-03 20:07:01 [Thread-5] INFO  org.apache.coyote.http11.Http11NioProtocol - Pausing ProtocolHandler ["http-nio-8088"]
2023-02-03 20:07:01 [Thread-5] INFO  org.apache.catalina.core.StandardService - Stopping service [Tomcat]
2023-02-03 20:07:01 [Thread-5] INFO  o.a.c.c.ContainerBase.[Tomcat].[localhost].[/rest] - Destroying Spring FrameworkServlet 'dispatcherServlet'
2023-02-03 20:07:01 [Thread-5] INFO  org.apache.coyote.http11.Http11NioProtocol - Stopping ProtocolHandler ["http-nio-8088"]
2023-02-03 20:07:01 [Thread-5] INFO  org.apache.coyote.http11.Http11NioProtocol - Destroying ProtocolHandler ["http-nio-8088"]
2023-02-03 20:07:01 [restartedMain] INFO  c.l.s.Springboot3TemplateApplication - Starting Springboot3TemplateApplication using Java 17.0.1 with PID 15600 (D:\code_space\springboot3-template\target\classes started by wangran in D:\code_space\springboot3-template)
2023-02-03 20:07:01 [restartedMain] INFO  c.l.s.Springboot3TemplateApplication - The following 1 profile is active: "dev"
2023-02-03 20:07:02 [restartedMain] INFO  o.s.boot.web.embedded.tomcat.TomcatWebServer - Tomcat initialized with port(s): 8088 (http)
2023-02-03 20:07:02 [restartedMain] INFO  org.apache.coyote.http11.Http11NioProtocol - Initializing ProtocolHandler ["http-nio-8088"]
2023-02-03 20:07:02 [restartedMain] INFO  org.apache.catalina.core.StandardService - Starting service [Tomcat]
2023-02-03 20:07:02 [restartedMain] INFO  org.apache.catalina.core.StandardEngine - Starting Servlet engine: [Apache Tomcat/10.1.5]
2023-02-03 20:07:02 [restartedMain] INFO  o.a.c.c.ContainerBase.[Tomcat].[localhost].[/rest] - Initializing Spring embedded WebApplicationContext
2023-02-03 20:07:02 [restartedMain] INFO  o.s.b.w.s.c.ServletWebServerApplicationContext - Root WebApplicationContext: initialization completed in 394 ms
2023-02-03 20:07:02 [restartedMain] INFO  o.s.b.d.autoconfigure.OptionalLiveReloadServer - LiveReload server is running on port 35729
2023-02-03 20:07:02 [restartedMain] INFO  org.apache.coyote.http11.Http11NioProtocol - Starting ProtocolHandler ["http-nio-8088"]
2023-02-03 20:07:02 [restartedMain] INFO  o.s.boot.web.embedded.tomcat.TomcatWebServer - Tomcat started on port(s): 8088 (http) with context path '/rest'
2023-02-03 20:07:02 [restartedMain] INFO  c.l.s.Springboot3TemplateApplication - Started Springboot3TemplateApplication in 0.652 seconds (process running for 346.29)
2023-02-03 20:07:02 [restartedMain] INFO  o.s.b.d.a.ConditionEvaluationDeltaLoggingListener - Condition evaluation unchanged
2023-02-03 20:07:04 [File Watcher] INFO  o.s.b.d.a.LocalDevToolsAutoConfiguration$RestartingClassPathChangeChangedEventListener - Restarting due to 10 class path changes (0 additions, 0 deletions, 10 modifications)
2023-02-03 20:07:04 [Thread-7] INFO  org.apache.coyote.http11.Http11NioProtocol - Pausing ProtocolHandler ["http-nio-8088"]
2023-02-03 20:07:04 [Thread-7] INFO  org.apache.catalina.core.StandardService - Stopping service [Tomcat]
2023-02-03 20:07:04 [Thread-7] INFO  org.apache.coyote.http11.Http11NioProtocol - Stopping ProtocolHandler ["http-nio-8088"]
2023-02-03 20:07:04 [Thread-7] INFO  org.apache.coyote.http11.Http11NioProtocol - Destroying ProtocolHandler ["http-nio-8088"]
2023-02-03 20:07:04 [restartedMain] INFO  c.l.s.Springboot3TemplateApplication - Starting Springboot3TemplateApplication using Java 17.0.1 with PID 15600 (D:\code_space\springboot3-template\target\classes started by wangran in D:\code_space\springboot3-template)
2023-02-03 20:07:04 [restartedMain] INFO  c.l.s.Springboot3TemplateApplication - The following 1 profile is active: "dev"
2023-02-03 20:07:05 [restartedMain] INFO  o.s.boot.web.embedded.tomcat.TomcatWebServer - Tomcat initialized with port(s): 8088 (http)
2023-02-03 20:07:05 [restartedMain] INFO  org.apache.coyote.http11.Http11NioProtocol - Initializing ProtocolHandler ["http-nio-8088"]
2023-02-03 20:07:05 [restartedMain] INFO  org.apache.catalina.core.StandardService - Starting service [Tomcat]
2023-02-03 20:07:05 [restartedMain] INFO  org.apache.catalina.core.StandardEngine - Starting Servlet engine: [Apache Tomcat/10.1.5]
2023-02-03 20:07:05 [restartedMain] INFO  o.a.c.c.ContainerBase.[Tomcat].[localhost].[/rest] - Initializing Spring embedded WebApplicationContext
2023-02-03 20:07:05 [restartedMain] INFO  o.s.b.w.s.c.ServletWebServerApplicationContext - Root WebApplicationContext: initialization completed in 389 ms
2023-02-03 20:07:05 [restartedMain] INFO  o.s.b.d.autoconfigure.OptionalLiveReloadServer - LiveReload server is running on port 35729
2023-02-03 20:07:05 [restartedMain] INFO  org.apache.coyote.http11.Http11NioProtocol - Starting ProtocolHandler ["http-nio-8088"]
2023-02-03 20:07:05 [restartedMain] INFO  o.s.boot.web.embedded.tomcat.TomcatWebServer - Tomcat started on port(s): 8088 (http) with context path '/rest'
2023-02-03 20:07:05 [restartedMain] INFO  c.l.s.Springboot3TemplateApplication - Started Springboot3TemplateApplication in 0.59 seconds (process running for 349.384)
2023-02-03 20:07:05 [restartedMain] INFO  o.s.b.d.a.ConditionEvaluationDeltaLoggingListener - Condition evaluation unchanged
2023-02-03 20:07:23 [restartedMain] INFO  c.l.s.Springboot3TemplateApplication - Starting Springboot3TemplateApplication using Java 17.0.1 with PID 20296 (D:\code_space\springboot3-template\target\classes started by wangran in D:\code_space\springboot3-template)
2023-02-03 20:07:23 [restartedMain] INFO  c.l.s.Springboot3TemplateApplication - The following 1 profile is active: "dev"
2023-02-03 20:07:23 [restartedMain] INFO  o.s.b.d.env.DevToolsPropertyDefaultsPostProcessor - Devtools property defaults active! Set 'spring.devtools.add-properties' to 'false' to disable
2023-02-03 20:07:23 [restartedMain] INFO  o.s.b.d.env.DevToolsPropertyDefaultsPostProcessor - For additional web related logging consider setting the 'logging.level.web' property to 'DEBUG'
2023-02-03 20:07:24 [restartedMain] INFO  o.s.boot.web.embedded.tomcat.TomcatWebServer - Tomcat initialized with port(s): 8088 (http)
2023-02-03 20:07:24 [restartedMain] INFO  org.apache.coyote.http11.Http11NioProtocol - Initializing ProtocolHandler ["http-nio-8088"]
2023-02-03 20:07:24 [restartedMain] INFO  org.apache.catalina.core.StandardService - Starting service [Tomcat]
2023-02-03 20:07:24 [restartedMain] INFO  org.apache.catalina.core.StandardEngine - Starting Servlet engine: [Apache Tomcat/10.1.5]
2023-02-03 20:07:24 [restartedMain] INFO  o.a.c.c.ContainerBase.[Tomcat].[localhost].[/rest] - Initializing Spring embedded WebApplicationContext
2023-02-03 20:07:24 [restartedMain] INFO  o.s.b.w.s.c.ServletWebServerApplicationContext - Root WebApplicationContext: initialization completed in 1035 ms
2023-02-03 20:07:24 [restartedMain] INFO  o.s.b.d.autoconfigure.OptionalLiveReloadServer - LiveReload server is running on port 35729
2023-02-03 20:07:24 [restartedMain] INFO  org.apache.coyote.http11.Http11NioProtocol - Starting ProtocolHandler ["http-nio-8088"]
2023-02-03 20:07:24 [restartedMain] INFO  o.s.boot.web.embedded.tomcat.TomcatWebServer - Tomcat started on port(s): 8088 (http) with context path '/rest'
2023-02-03 20:07:24 [restartedMain] INFO  c.l.s.Springboot3TemplateApplication - Started Springboot3TemplateApplication in 2.135 seconds (process running for 4.586)
2023-02-03 20:07:24 [http-nio-8088-exec-1] INFO  o.a.c.c.ContainerBase.[Tomcat].[localhost].[/rest] - Initializing Spring DispatcherServlet 'dispatcherServlet'
2023-02-03 20:07:24 [http-nio-8088-exec-1] INFO  org.springframework.web.servlet.DispatcherServlet - Initializing Servlet 'dispatcherServlet'
2023-02-03 20:07:24 [http-nio-8088-exec-1] INFO  org.springframework.web.servlet.DispatcherServlet - Completed initialization in 1 ms
2023-02-03 20:11:36 [restartedMain] INFO  c.l.s.Springboot3TemplateApplication - Starting Springboot3TemplateApplication using Java 17.0.1 with PID 12684 (D:\code_space\springboot3-template\target\classes started by wangran in D:\code_space\springboot3-template)
2023-02-03 20:11:36 [restartedMain] INFO  c.l.s.Springboot3TemplateApplication - The following 1 profile is active: "dev"
2023-02-03 20:11:36 [restartedMain] INFO  o.s.b.d.env.DevToolsPropertyDefaultsPostProcessor - Devtools property defaults active! Set 'spring.devtools.add-properties' to 'false' to disable
2023-02-03 20:11:36 [restartedMain] INFO  o.s.b.d.env.DevToolsPropertyDefaultsPostProcessor - For additional web related logging consider setting the 'logging.level.web' property to 'DEBUG'
2023-02-03 20:11:38 [restartedMain] INFO  o.s.boot.web.embedded.tomcat.TomcatWebServer - Tomcat initialized with port(s): 8088 (http)
2023-02-03 20:11:38 [restartedMain] INFO  org.apache.coyote.http11.Http11NioProtocol - Initializing ProtocolHandler ["http-nio-8088"]
2023-02-03 20:11:38 [restartedMain] INFO  org.apache.catalina.core.StandardService - Starting service [Tomcat]
2023-02-03 20:11:38 [restartedMain] INFO  org.apache.catalina.core.StandardEngine - Starting Servlet engine: [Apache Tomcat/10.1.5]
2023-02-03 20:11:38 [restartedMain] INFO  o.a.c.c.ContainerBase.[Tomcat].[localhost].[/rest] - Initializing Spring embedded WebApplicationContext
2023-02-03 20:11:38 [restartedMain] INFO  o.s.b.w.s.c.ServletWebServerApplicationContext - Root WebApplicationContext: initialization completed in 1674 ms
2023-02-03 20:11:38 [restartedMain] INFO  o.s.b.d.autoconfigure.OptionalLiveReloadServer - LiveReload server is running on port 35729
2023-02-03 20:11:38 [restartedMain] INFO  org.apache.coyote.http11.Http11NioProtocol - Starting ProtocolHandler ["http-nio-8088"]
2023-02-03 20:11:38 [restartedMain] INFO  o.s.boot.web.embedded.tomcat.TomcatWebServer - Tomcat started on port(s): 8088 (http) with context path '/rest'
2023-02-03 20:11:38 [restartedMain] INFO  c.l.s.Springboot3TemplateApplication - Started Springboot3TemplateApplication in 3.134 seconds (process running for 5.114)
2023-02-03 20:11:50 [restartedMain] INFO  c.l.s.Springboot3TemplateApplication - Starting Springboot3TemplateApplication using Java 17.0.1 with PID 8232 (D:\code_space\springboot3-template\target\classes started by wangran in D:\code_space\springboot3-template)
2023-02-03 20:11:50 [restartedMain] INFO  c.l.s.Springboot3TemplateApplication - The following 1 profile is active: "dev"
2023-02-03 20:11:51 [restartedMain] INFO  o.s.b.d.env.DevToolsPropertyDefaultsPostProcessor - Devtools property defaults active! Set 'spring.devtools.add-properties' to 'false' to disable
2023-02-03 20:11:51 [restartedMain] INFO  o.s.b.d.env.DevToolsPropertyDefaultsPostProcessor - For additional web related logging consider setting the 'logging.level.web' property to 'DEBUG'
2023-02-03 20:11:51 [restartedMain] INFO  o.s.boot.web.embedded.tomcat.TomcatWebServer - Tomcat initialized with port(s): 8088 (http)
2023-02-03 20:11:51 [restartedMain] INFO  org.apache.coyote.http11.Http11NioProtocol - Initializing ProtocolHandler ["http-nio-8088"]
2023-02-03 20:11:51 [restartedMain] INFO  org.apache.catalina.core.StandardService - Starting service [Tomcat]
2023-02-03 20:11:51 [restartedMain] INFO  org.apache.catalina.core.StandardEngine - Starting Servlet engine: [Apache Tomcat/10.1.5]
2023-02-03 20:11:51 [restartedMain] INFO  o.a.c.c.ContainerBase.[Tomcat].[localhost].[/rest] - Initializing Spring embedded WebApplicationContext
2023-02-03 20:11:51 [restartedMain] INFO  o.s.b.w.s.c.ServletWebServerApplicationContext - Root WebApplicationContext: initialization completed in 949 ms
2023-02-03 20:11:52 [restartedMain] INFO  o.s.b.d.autoconfigure.OptionalLiveReloadServer - LiveReload server is running on port 35729
2023-02-03 20:11:52 [restartedMain] INFO  org.apache.coyote.http11.Http11NioProtocol - Starting ProtocolHandler ["http-nio-8088"]
2023-02-03 20:11:52 [restartedMain] INFO  o.s.boot.web.embedded.tomcat.TomcatWebServer - Tomcat started on port(s): 8088 (http) with context path '/rest'
2023-02-03 20:11:52 [restartedMain] INFO  c.l.s.Springboot3TemplateApplication - Started Springboot3TemplateApplication in 2.11 seconds (process running for 4.222)
2023-02-03 20:11:52 [http-nio-8088-exec-1] INFO  o.a.c.c.ContainerBase.[Tomcat].[localhost].[/rest] - Initializing Spring DispatcherServlet 'dispatcherServlet'
2023-02-03 20:11:52 [http-nio-8088-exec-1] INFO  org.springframework.web.servlet.DispatcherServlet - Initializing Servlet 'dispatcherServlet'
2023-02-03 20:11:52 [http-nio-8088-exec-1] INFO  org.springframework.web.servlet.DispatcherServlet - Completed initialization in 0 ms
2023-02-03 20:12:09 [File Watcher] INFO  o.s.b.d.a.LocalDevToolsAutoConfiguration$RestartingClassPathChangeChangedEventListener - Restarting due to 21 class path changes (0 additions, 21 deletions, 0 modifications)
2023-02-03 20:12:09 [Thread-5] INFO  org.apache.coyote.http11.Http11NioProtocol - Pausing ProtocolHandler ["http-nio-8088"]
2023-02-03 20:12:09 [Thread-5] INFO  org.apache.catalina.core.StandardService - Stopping service [Tomcat]
2023-02-03 20:12:09 [Thread-5] INFO  o.a.c.c.ContainerBase.[Tomcat].[localhost].[/rest] - Destroying Spring FrameworkServlet 'dispatcherServlet'
2023-02-03 20:12:09 [Thread-5] INFO  org.apache.coyote.http11.Http11NioProtocol - Stopping ProtocolHandler ["http-nio-8088"]
2023-02-03 20:12:09 [Thread-5] INFO  org.apache.coyote.http11.Http11NioProtocol - Destroying ProtocolHandler ["http-nio-8088"]
2023-02-03 20:12:19 [restartedMain] INFO  c.l.s.Springboot3TemplateApplication - Starting Springboot3TemplateApplication using Java 17.0.1 with PID 8232 (D:\code_space\springboot3-template\target\classes started by wangran in D:\code_space\springboot3-template)
2023-02-03 20:12:19 [restartedMain] INFO  c.l.s.Springboot3TemplateApplication - The following 1 profile is active: "dev"
2023-02-03 20:12:19 [restartedMain] INFO  o.s.boot.web.embedded.tomcat.TomcatWebServer - Tomcat initialized with port(s): 8088 (http)
2023-02-03 20:12:19 [restartedMain] INFO  org.apache.catalina.core.StandardService - Starting service [Tomcat]
2023-02-03 20:12:19 [restartedMain] INFO  org.apache.catalina.core.StandardEngine - Starting Servlet engine: [Apache Tomcat/10.1.5]
2023-02-03 20:12:19 [restartedMain] INFO  o.a.c.c.ContainerBase.[Tomcat].[localhost].[/rest] - Initializing Spring embedded WebApplicationContext
2023-02-03 20:12:19 [restartedMain] INFO  o.s.b.w.s.c.ServletWebServerApplicationContext - Root WebApplicationContext: initialization completed in 248 ms
2023-02-03 20:12:19 [restartedMain] INFO  o.s.b.d.autoconfigure.OptionalLiveReloadServer - LiveReload server is running on port 35729
2023-02-03 20:12:19 [restartedMain] INFO  o.s.boot.web.embedded.tomcat.TomcatWebServer - Tomcat started on port(s): 8088 (http) with context path '/rest'
2023-02-03 20:12:19 [restartedMain] INFO  c.l.s.Springboot3TemplateApplication - Started Springboot3TemplateApplication in 0.412 seconds (process running for 31.461)
2023-02-03 20:12:19 [restartedMain] INFO  o.s.b.d.a.ConditionEvaluationDeltaLoggingListener - Condition evaluation unchanged
2023-02-03 20:12:22 [File Watcher] INFO  o.s.b.d.a.LocalDevToolsAutoConfiguration$RestartingClassPathChangeChangedEventListener - Restarting due to 10 class path changes (10 additions, 0 deletions, 0 modifications)
2023-02-03 20:12:22 [Thread-11] INFO  org.apache.catalina.core.StandardService - Stopping service [Tomcat]
2023-02-03 20:12:22 [restartedMain] INFO  c.l.s.Springboot3TemplateApplication - Starting Springboot3TemplateApplication using Java 17.0.1 with PID 8232 (D:\code_space\springboot3-template\target\classes started by wangran in D:\code_space\springboot3-template)
2023-02-03 20:12:22 [restartedMain] INFO  c.l.s.Springboot3TemplateApplication - The following 1 profile is active: "dev"
2023-02-03 20:12:22 [restartedMain] INFO  o.s.boot.web.embedded.tomcat.TomcatWebServer - Tomcat initialized with port(s): 8088 (http)
2023-02-03 20:12:22 [restartedMain] INFO  org.apache.catalina.core.StandardService - Starting service [Tomcat]
2023-02-03 20:12:22 [restartedMain] INFO  org.apache.catalina.core.StandardEngine - Starting Servlet engine: [Apache Tomcat/10.1.5]
2023-02-03 20:12:22 [restartedMain] INFO  o.a.c.c.ContainerBase.[Tomcat].[localhost].[/rest] - Initializing Spring embedded WebApplicationContext
2023-02-03 20:12:22 [restartedMain] INFO  o.s.b.w.s.c.ServletWebServerApplicationContext - Root WebApplicationContext: initialization completed in 302 ms
2023-02-03 20:12:22 [restartedMain] INFO  o.s.b.d.autoconfigure.OptionalLiveReloadServer - LiveReload server is running on port 35729
2023-02-03 20:12:22 [restartedMain] INFO  o.s.boot.web.embedded.tomcat.TomcatWebServer - Tomcat started on port(s): 8088 (http) with context path '/rest'
2023-02-03 20:12:22 [restartedMain] INFO  c.l.s.Springboot3TemplateApplication - Started Springboot3TemplateApplication in 0.502 seconds (process running for 34.485)
2023-02-03 20:12:22 [restartedMain] INFO  o.s.b.d.a.ConditionEvaluationDeltaLoggingListener - Condition evaluation unchanged
2023-02-03 20:12:33 [restartedMain] INFO  c.l.s.Springboot3TemplateApplication - Starting Springboot3TemplateApplication using Java 17.0.1 with PID 18116 (D:\code_space\springboot3-template\target\classes started by wangran in D:\code_space\springboot3-template)
2023-02-03 20:12:33 [restartedMain] INFO  c.l.s.Springboot3TemplateApplication - The following 1 profile is active: "dev"
2023-02-03 20:12:33 [restartedMain] INFO  o.s.b.d.env.DevToolsPropertyDefaultsPostProcessor - Devtools property defaults active! Set 'spring.devtools.add-properties' to 'false' to disable
2023-02-03 20:12:33 [restartedMain] INFO  o.s.b.d.env.DevToolsPropertyDefaultsPostProcessor - For additional web related logging consider setting the 'logging.level.web' property to 'DEBUG'
2023-02-03 20:12:34 [restartedMain] INFO  o.s.boot.web.embedded.tomcat.TomcatWebServer - Tomcat initialized with port(s): 8088 (http)
2023-02-03 20:12:34 [restartedMain] INFO  org.apache.coyote.http11.Http11NioProtocol - Initializing ProtocolHandler ["http-nio-8088"]
2023-02-03 20:12:34 [restartedMain] INFO  org.apache.catalina.core.StandardService - Starting service [Tomcat]
2023-02-03 20:12:34 [restartedMain] INFO  org.apache.catalina.core.StandardEngine - Starting Servlet engine: [Apache Tomcat/10.1.5]
2023-02-03 20:12:34 [restartedMain] INFO  o.a.c.c.ContainerBase.[Tomcat].[localhost].[/rest] - Initializing Spring embedded WebApplicationContext
2023-02-03 20:12:34 [restartedMain] INFO  o.s.b.w.s.c.ServletWebServerApplicationContext - Root WebApplicationContext: initialization completed in 968 ms
2023-02-03 20:12:34 [restartedMain] INFO  o.s.b.d.autoconfigure.OptionalLiveReloadServer - LiveReload server is running on port 35729
2023-02-03 20:12:35 [restartedMain] INFO  org.apache.coyote.http11.Http11NioProtocol - Starting ProtocolHandler ["http-nio-8088"]
2023-02-03 20:12:35 [restartedMain] INFO  o.s.boot.web.embedded.tomcat.TomcatWebServer - Tomcat started on port(s): 8088 (http) with context path '/rest'
2023-02-03 20:12:35 [restartedMain] INFO  c.l.s.Springboot3TemplateApplication - Started Springboot3TemplateApplication in 1.917 seconds (process running for 3.924)
2023-02-03 20:12:38 [http-nio-8088-exec-1] INFO  o.a.c.c.ContainerBase.[Tomcat].[localhost].[/rest] - Initializing Spring DispatcherServlet 'dispatcherServlet'
2023-02-03 20:12:38 [http-nio-8088-exec-1] INFO  org.springframework.web.servlet.DispatcherServlet - Initializing Servlet 'dispatcherServlet'
2023-02-03 20:12:38 [http-nio-8088-exec-1] INFO  org.springframework.web.servlet.DispatcherServlet - Completed initialization in 1 ms
2023-02-03 20:14:35 [restartedMain] INFO  c.l.s.Springboot3TemplateApplication - Starting Springboot3TemplateApplication using Java 17.0.1 with PID 5848 (D:\code_space\springboot3-template\target\classes started by wangran in D:\code_space\springboot3-template)
2023-02-03 20:14:35 [restartedMain] INFO  c.l.s.Springboot3TemplateApplication - The following 1 profile is active: "dev"
2023-02-03 20:14:35 [restartedMain] INFO  o.s.b.d.env.DevToolsPropertyDefaultsPostProcessor - Devtools property defaults active! Set 'spring.devtools.add-properties' to 'false' to disable
2023-02-03 20:14:35 [restartedMain] INFO  o.s.b.d.env.DevToolsPropertyDefaultsPostProcessor - For additional web related logging consider setting the 'logging.level.web' property to 'DEBUG'
2023-02-03 20:14:36 [restartedMain] INFO  o.s.boot.web.embedded.tomcat.TomcatWebServer - Tomcat initialized with port(s): 8088 (http)
2023-02-03 20:14:36 [restartedMain] INFO  org.apache.coyote.http11.Http11NioProtocol - Initializing ProtocolHandler ["http-nio-8088"]
2023-02-03 20:14:36 [restartedMain] INFO  org.apache.catalina.core.StandardService - Starting service [Tomcat]
2023-02-03 20:14:36 [restartedMain] INFO  org.apache.catalina.core.StandardEngine - Starting Servlet engine: [Apache Tomcat/10.1.5]
2023-02-03 20:14:36 [restartedMain] INFO  o.a.c.c.ContainerBase.[Tomcat].[localhost].[/rest] - Initializing Spring embedded WebApplicationContext
2023-02-03 20:14:36 [restartedMain] INFO  o.s.b.w.s.c.ServletWebServerApplicationContext - Root WebApplicationContext: initialization completed in 1032 ms
2023-02-03 20:14:36 [restartedMain] INFO  o.s.b.d.autoconfigure.OptionalLiveReloadServer - LiveReload server is running on port 35729
2023-02-03 20:14:36 [restartedMain] INFO  org.apache.coyote.http11.Http11NioProtocol - Starting ProtocolHandler ["http-nio-8088"]
2023-02-03 20:14:36 [restartedMain] INFO  o.s.boot.web.embedded.tomcat.TomcatWebServer - Tomcat started on port(s): 8088 (http) with context path '/rest'
2023-02-03 20:14:36 [restartedMain] INFO  c.l.s.Springboot3TemplateApplication - Started Springboot3TemplateApplication in 2.1 seconds (process running for 4.017)
2023-02-03 20:15:51 [restartedMain] INFO  c.l.s.Springboot3TemplateApplication - Starting Springboot3TemplateApplication using Java 17.0.1 with PID 17524 (D:\code_space\springboot3-template\target\classes started by wangran in D:\code_space\springboot3-template)
2023-02-03 20:15:51 [restartedMain] INFO  c.l.s.Springboot3TemplateApplication - The following 1 profile is active: "dev"
2023-02-03 20:15:51 [restartedMain] INFO  o.s.b.d.env.DevToolsPropertyDefaultsPostProcessor - Devtools property defaults active! Set 'spring.devtools.add-properties' to 'false' to disable
2023-02-03 20:15:51 [restartedMain] INFO  o.s.b.d.env.DevToolsPropertyDefaultsPostProcessor - For additional web related logging consider setting the 'logging.level.web' property to 'DEBUG'
2023-02-03 20:15:52 [restartedMain] INFO  o.s.boot.web.embedded.tomcat.TomcatWebServer - Tomcat initialized with port(s): 8088 (http)
2023-02-03 20:15:52 [restartedMain] INFO  org.apache.coyote.http11.Http11NioProtocol - Initializing ProtocolHandler ["http-nio-8088"]
2023-02-03 20:15:52 [restartedMain] INFO  org.apache.catalina.core.StandardService - Starting service [Tomcat]
2023-02-03 20:15:52 [restartedMain] INFO  org.apache.catalina.core.StandardEngine - Starting Servlet engine: [Apache Tomcat/10.1.5]
2023-02-03 20:15:52 [restartedMain] INFO  o.a.c.c.ContainerBase.[Tomcat].[localhost].[/rest] - Initializing Spring embedded WebApplicationContext
2023-02-03 20:15:52 [restartedMain] INFO  o.s.b.w.s.c.ServletWebServerApplicationContext - Root WebApplicationContext: initialization completed in 1149 ms
2023-02-03 20:15:52 [restartedMain] INFO  o.s.b.d.autoconfigure.OptionalLiveReloadServer - LiveReload server is running on port 35729
2023-02-03 20:15:52 [restartedMain] INFO  org.apache.coyote.http11.Http11NioProtocol - Starting ProtocolHandler ["http-nio-8088"]
2023-02-03 20:15:52 [restartedMain] INFO  o.s.boot.web.embedded.tomcat.TomcatWebServer - Tomcat started on port(s): 8088 (http) with context path '/rest'
2023-02-03 20:15:52 [restartedMain] INFO  c.l.s.Springboot3TemplateApplication - Started Springboot3TemplateApplication in 2.245 seconds (process running for 4.188)
2023-02-03 20:16:40 [http-nio-8088-exec-1] INFO  o.a.c.c.ContainerBase.[Tomcat].[localhost].[/rest] - Initializing Spring DispatcherServlet 'dispatcherServlet'
2023-02-03 20:16:40 [http-nio-8088-exec-1] INFO  org.springframework.web.servlet.DispatcherServlet - Initializing Servlet 'dispatcherServlet'
2023-02-03 20:16:40 [http-nio-8088-exec-1] INFO  org.springframework.web.servlet.DispatcherServlet - Completed initialization in 0 ms
